This is pdfTeX, Version 3.14159265-2.6-1.40.16 (MiKTeX 2.9) (preloaded format=pdflatex 2016.2.19)  29 JUL 2016 21:34
entering extended mode
**./ArchitecturalAndFunctionalSpecs.tex
(ArchitecturalAndFunctionalSpecs.tex
LaTeX2e <2015/10/01> patch level 2
Babel <3.9n> and hyphenation patterns for 69 languages loaded.
("C:\Users\Ruan\AppData\Local\Programs\MiKTeX 2.9\tex\latex\base\article.cls"
Document Class: article 2014/09/29 v1.4h Standard LaTeX document class
("C:\Users\Ruan\AppData\Local\Programs\MiKTeX 2.9\tex\latex\base\size12.clo"
File: size12.clo 2014/09/29 v1.4h Standard LaTeX file (size option)
)
\c@part=\count79
\c@section=\count80
\c@subsection=\count81
\c@subsubsection=\count82
\c@paragraph=\count83
\c@subparagraph=\count84
\c@figure=\count85
\c@table=\count86
\abovecaptionskip=\skip41
\belowcaptionskip=\skip42
\bibindent=\dimen102
)
("C:\Users\Ruan\AppData\Local\Programs\MiKTeX 2.9\tex\latex\base\inputenc.sty"
Package: inputenc 2015/03/17 v1.2c Input encoding file
\inpenc@prehook=\toks14
\inpenc@posthook=\toks15

("C:\Users\Ruan\AppData\Local\Programs\MiKTeX 2.9\tex\latex\base\utf8.def"
File: utf8.def 2015/09/07 v1.1p UTF-8 support for inputenc
Now handling font encoding OML ...
... no UTF-8 mapping file for font encoding OML
Now handling font encoding T1 ...
... processing UTF-8 mapping file for font encoding T1

("C:\Users\Ruan\AppData\Local\Programs\MiKTeX 2.9\tex\latex\base\t1enc.dfu"
File: t1enc.dfu 2015/09/07 v1.1p UTF-8 support for inputenc
   defining Unicode char U+00A0 (decimal 160)
   defining Unicode char U+00A1 (decimal 161)
   defining Unicode char U+00A3 (decimal 163)
   defining Unicode char U+00AB (decimal 171)
   defining Unicode char U+00AD (decimal 173)
   defining Unicode char U+00BB (decimal 187)
   defining Unicode char U+00BF (decimal 191)
   defining Unicode char U+00C0 (decimal 192)
   defining Unicode char U+00C1 (decimal 193)
   defining Unicode char U+00C2 (decimal 194)
   defining Unicode char U+00C3 (decimal 195)
   defining Unicode char U+00C4 (decimal 196)
   defining Unicode char U+00C5 (decimal 197)
   defining Unicode char U+00C6 (decimal 198)
   defining Unicode char U+00C7 (decimal 199)
   defining Unicode char U+00C8 (decimal 200)
   defining Unicode char U+00C9 (decimal 201)
   defining Unicode char U+00CA (decimal 202)
   defining Unicode char U+00CB (decimal 203)
   defining Unicode char U+00CC (decimal 204)
   defining Unicode char U+00CD (decimal 205)
   defining Unicode char U+00CE (decimal 206)
   defining Unicode char U+00CF (decimal 207)
   defining Unicode char U+00D0 (decimal 208)
   defining Unicode char U+00D1 (decimal 209)
   defining Unicode char U+00D2 (decimal 210)
   defining Unicode char U+00D3 (decimal 211)
   defining Unicode char U+00D4 (decimal 212)
   defining Unicode char U+00D5 (decimal 213)
   defining Unicode char U+00D6 (decimal 214)
   defining Unicode char U+00D8 (decimal 216)
   defining Unicode char U+00D9 (decimal 217)
   defining Unicode char U+00DA (decimal 218)
   defining Unicode char U+00DB (decimal 219)
   defining Unicode char U+00DC (decimal 220)
   defining Unicode char U+00DD (decimal 221)
   defining Unicode char U+00DE (decimal 222)
   defining Unicode char U+00DF (decimal 223)
   defining Unicode char U+00E0 (decimal 224)
   defining Unicode char U+00E1 (decimal 225)
   defining Unicode char U+00E2 (decimal 226)
   defining Unicode char U+00E3 (decimal 227)
   defining Unicode char U+00E4 (decimal 228)
   defining Unicode char U+00E5 (decimal 229)
   defining Unicode char U+00E6 (decimal 230)
   defining Unicode char U+00E7 (decimal 231)
   defining Unicode char U+00E8 (decimal 232)
   defining Unicode char U+00E9 (decimal 233)
   defining Unicode char U+00EA (decimal 234)
   defining Unicode char U+00EB (decimal 235)
   defining Unicode char U+00EC (decimal 236)
   defining Unicode char U+00ED (decimal 237)
   defining Unicode char U+00EE (decimal 238)
   defining Unicode char U+00EF (decimal 239)
   defining Unicode char U+00F0 (decimal 240)
   defining Unicode char U+00F1 (decimal 241)
   defining Unicode char U+00F2 (decimal 242)
   defining Unicode char U+00F3 (decimal 243)
   defining Unicode char U+00F4 (decimal 244)
   defining Unicode char U+00F5 (decimal 245)
   defining Unicode char U+00F6 (decimal 246)
   defining Unicode char U+00F8 (decimal 248)
   defining Unicode char U+00F9 (decimal 249)
   defining Unicode char U+00FA (decimal 250)
   defining Unicode char U+00FB (decimal 251)
   defining Unicode char U+00FC (decimal 252)
   defining Unicode char U+00FD (decimal 253)
   defining Unicode char U+00FE (decimal 254)
   defining Unicode char U+00FF (decimal 255)
   defining Unicode char U+0102 (decimal 258)
   defining Unicode char U+0103 (decimal 259)
   defining Unicode char U+0104 (decimal 260)
   defining Unicode char U+0105 (decimal 261)
   defining Unicode char U+0106 (decimal 262)
   defining Unicode char U+0107 (decimal 263)
   defining Unicode char U+010C (decimal 268)
   defining Unicode char U+010D (decimal 269)
   defining Unicode char U+010E (decimal 270)
   defining Unicode char U+010F (decimal 271)
   defining Unicode char U+0110 (decimal 272)
   defining Unicode char U+0111 (decimal 273)
   defining Unicode char U+0118 (decimal 280)
   defining Unicode char U+0119 (decimal 281)
   defining Unicode char U+011A (decimal 282)
   defining Unicode char U+011B (decimal 283)
   defining Unicode char U+011E (decimal 286)
   defining Unicode char U+011F (decimal 287)
   defining Unicode char U+0130 (decimal 304)
   defining Unicode char U+0131 (decimal 305)
   defining Unicode char U+0132 (decimal 306)
   defining Unicode char U+0133 (decimal 307)
   defining Unicode char U+0139 (decimal 313)
   defining Unicode char U+013A (decimal 314)
   defining Unicode char U+013D (decimal 317)
   defining Unicode char U+013E (decimal 318)
   defining Unicode char U+0141 (decimal 321)
   defining Unicode char U+0142 (decimal 322)
   defining Unicode char U+0143 (decimal 323)
   defining Unicode char U+0144 (decimal 324)
   defining Unicode char U+0147 (decimal 327)
   defining Unicode char U+0148 (decimal 328)
   defining Unicode char U+014A (decimal 330)
   defining Unicode char U+014B (decimal 331)
   defining Unicode char U+0150 (decimal 336)
   defining Unicode char U+0151 (decimal 337)
   defining Unicode char U+0152 (decimal 338)
   defining Unicode char U+0153 (decimal 339)
   defining Unicode char U+0154 (decimal 340)
   defining Unicode char U+0155 (decimal 341)
   defining Unicode char U+0158 (decimal 344)
   defining Unicode char U+0159 (decimal 345)
   defining Unicode char U+015A (decimal 346)
   defining Unicode char U+015B (decimal 347)
   defining Unicode char U+015E (decimal 350)
   defining Unicode char U+015F (decimal 351)
   defining Unicode char U+0160 (decimal 352)
   defining Unicode char U+0161 (decimal 353)
   defining Unicode char U+0162 (decimal 354)
   defining Unicode char U+0163 (decimal 355)
   defining Unicode char U+0164 (decimal 356)
   defining Unicode char U+0165 (decimal 357)
   defining Unicode char U+016E (decimal 366)
   defining Unicode char U+016F (decimal 367)
   defining Unicode char U+0170 (decimal 368)
   defining Unicode char U+0171 (decimal 369)
   defining Unicode char U+0174 (decimal 372)
   defining Unicode char U+0175 (decimal 373)
   defining Unicode char U+0176 (decimal 374)
   defining Unicode char U+0177 (decimal 375)
   defining Unicode char U+0178 (decimal 376)
   defining Unicode char U+0179 (decimal 377)
   defining Unicode char U+017A (decimal 378)
   defining Unicode char U+017B (decimal 379)
   defining Unicode char U+017C (decimal 380)
   defining Unicode char U+017D (decimal 381)
   defining Unicode char U+017E (decimal 382)
   defining Unicode char U+0218 (decimal 536)
   defining Unicode char U+0219 (decimal 537)
   defining Unicode char U+021A (decimal 538)
   defining Unicode char U+021B (decimal 539)
   defining Unicode char U+200C (decimal 8204)
   defining Unicode char U+2013 (decimal 8211)
   defining Unicode char U+2014 (decimal 8212)
   defining Unicode char U+2018 (decimal 8216)
   defining Unicode char U+2019 (decimal 8217)
   defining Unicode char U+201A (decimal 8218)
   defining Unicode char U+201C (decimal 8220)
   defining Unicode char U+201D (decimal 8221)
   defining Unicode char U+201E (decimal 8222)
   defining Unicode char U+2030 (decimal 8240)
   defining Unicode char U+2031 (decimal 8241)
   defining Unicode char U+2039 (decimal 8249)
   defining Unicode char U+203A (decimal 8250)
   defining Unicode char U+2423 (decimal 9251)
)
Now handling font encoding OT1 ...
... processing UTF-8 mapping file for font encoding OT1

("C:\Users\Ruan\AppData\Local\Programs\MiKTeX 2.9\tex\latex\base\ot1enc.dfu"
File: ot1enc.dfu 2015/09/07 v1.1p UTF-8 support for inputenc
   defining Unicode char U+00A0 (decimal 160)
   defining Unicode char U+00A1 (decimal 161)
   defining Unicode char U+00A3 (decimal 163)
   defining Unicode char U+00AD (decimal 173)
   defining Unicode char U+00B8 (decimal 184)
   defining Unicode char U+00BF (decimal 191)
   defining Unicode char U+00C5 (decimal 197)
   defining Unicode char U+00C6 (decimal 198)
   defining Unicode char U+00D8 (decimal 216)
   defining Unicode char U+00DF (decimal 223)
   defining Unicode char U+00E6 (decimal 230)
   defining Unicode char U+00EC (decimal 236)
   defining Unicode char U+00ED (decimal 237)
   defining Unicode char U+00EE (decimal 238)
   defining Unicode char U+00EF (decimal 239)
   defining Unicode char U+00F8 (decimal 248)
   defining Unicode char U+0131 (decimal 305)
   defining Unicode char U+0141 (decimal 321)
   defining Unicode char U+0142 (decimal 322)
   defining Unicode char U+0152 (decimal 338)
   defining Unicode char U+0153 (decimal 339)
   defining Unicode char U+0174 (decimal 372)
   defining Unicode char U+0175 (decimal 373)
   defining Unicode char U+0176 (decimal 374)
   defining Unicode char U+0177 (decimal 375)
   defining Unicode char U+0218 (decimal 536)
   defining Unicode char U+0219 (decimal 537)
   defining Unicode char U+021A (decimal 538)
   defining Unicode char U+021B (decimal 539)
   defining Unicode char U+2013 (decimal 8211)
   defining Unicode char U+2014 (decimal 8212)
   defining Unicode char U+2018 (decimal 8216)
   defining Unicode char U+2019 (decimal 8217)
   defining Unicode char U+201C (decimal 8220)
   defining Unicode char U+201D (decimal 8221)
)
Now handling font encoding OMS ...
... processing UTF-8 mapping file for font encoding OMS

("C:\Users\Ruan\AppData\Local\Programs\MiKTeX 2.9\tex\latex\base\omsenc.dfu"
File: omsenc.dfu 2015/09/07 v1.1p UTF-8 support for inputenc
   defining Unicode char U+00A7 (decimal 167)
   defining Unicode char U+00B6 (decimal 182)
   defining Unicode char U+00B7 (decimal 183)
   defining Unicode char U+2020 (decimal 8224)
   defining Unicode char U+2021 (decimal 8225)
   defining Unicode char U+2022 (decimal 8226)
)
Now handling font encoding OMX ...
... no UTF-8 mapping file for font encoding OMX
Now handling font encoding U ...
... no UTF-8 mapping file for font encoding U
   defining Unicode char U+00A9 (decimal 169)
   defining Unicode char U+00AA (decimal 170)
   defining Unicode char U+00AE (decimal 174)
   defining Unicode char U+00BA (decimal 186)
   defining Unicode char U+02C6 (decimal 710)
   defining Unicode char U+02DC (decimal 732)
   defining Unicode char U+200C (decimal 8204)
   defining Unicode char U+2026 (decimal 8230)
   defining Unicode char U+2122 (decimal 8482)
   defining Unicode char U+2423 (decimal 9251)
))
("C:\Users\Ruan\AppData\Local\Programs\MiKTeX 2.9\tex\latex\hyperref\hyperref.s
ty"
Package: hyperref 2012/11/06 v6.83m Hypertext links for LaTeX

("C:\Users\Ruan\AppData\Local\Programs\MiKTeX 2.9\tex\generic\oberdiek\hobsub-h
yperref.sty"
Package: hobsub-hyperref 2012/04/25 v1.12 Bundle oberdiek, subset hyperref (HO)


("C:\Users\Ruan\AppData\Local\Programs\MiKTeX 2.9\tex\generic\oberdiek\hobsub-g
eneric.sty"
Package: hobsub-generic 2012/04/25 v1.12 Bundle oberdiek, subset generic (HO)
Package: hobsub 2012/04/25 v1.12 Construct package bundles (HO)
Package: infwarerr 2010/04/08 v1.3 Providing info/warning/error messages (HO)
Package: ltxcmds 2011/11/09 v1.22 LaTeX kernel commands for general use (HO)
Package: ifluatex 2010/03/01 v1.3 Provides the ifluatex switch (HO)
Package ifluatex Info: LuaTeX not detected.
Package: ifvtex 2010/03/01 v1.5 Detect VTeX and its facilities (HO)
Package ifvtex Info: VTeX not detected.
Package: intcalc 2007/09/27 v1.1 Expandable calculations with integers (HO)
Package: ifpdf 2011/01/30 v2.3 Provides the ifpdf switch (HO)
Package ifpdf Info: pdfTeX in PDF mode is detected.
Package: etexcmds 2011/02/16 v1.5 Avoid name clashes with e-TeX commands (HO)
Package etexcmds Info: Could not find \expanded.
(etexcmds)             That can mean that you are not using pdfTeX 1.50 or
(etexcmds)             that some package has redefined \expanded.
(etexcmds)             In the latter case, load this package earlier.
Package: kvsetkeys 2012/04/25 v1.16 Key value parser (HO)
Package: kvdefinekeys 2011/04/07 v1.3 Define keys (HO)
Package: pdftexcmds 2011/11/29 v0.20 Utility functions of pdfTeX for LuaTeX (HO
)
Package pdftexcmds Info: LuaTeX not detected.
Package pdftexcmds Info: \pdf@primitive is available.
Package pdftexcmds Info: \pdf@ifprimitive is available.
Package pdftexcmds Info: \pdfdraftmode found.
Package: pdfescape 2011/11/25 v1.13 Implements pdfTeX's escape features (HO)
Package: bigintcalc 2012/04/08 v1.3 Expandable calculations on big integers (HO
)
Package: bitset 2011/01/30 v1.1 Handle bit-vector datatype (HO)
Package: uniquecounter 2011/01/30 v1.2 Provide unlimited unique counter (HO)
)
Package hobsub Info: Skipping package `hobsub' (already loaded).
Package: letltxmacro 2010/09/02 v1.4 Let assignment for LaTeX macros (HO)
Package: hopatch 2011/06/24 v1.1 Wrapper for package hooks (HO)
Package: xcolor-patch 2011/01/30 xcolor patch
Package: atveryend 2011/06/30 v1.8 Hooks at the very end of document (HO)
Package atveryend Info: \enddocument detected (standard20110627).
Package: atbegshi 2011/10/05 v1.16 At begin shipout hook (HO)
Package: refcount 2011/10/16 v3.4 Data extraction from label references (HO)
Package: hycolor 2011/01/30 v1.7 Color options for hyperref/bookmark (HO)
)
("C:\Users\Ruan\AppData\Local\Programs\MiKTeX 2.9\tex\latex\graphics\keyval.sty
"
Package: keyval 2014/10/28 v1.15 key=value parser (DPC)
\KV@toks@=\toks16
)
("C:\Users\Ruan\AppData\Local\Programs\MiKTeX 2.9\tex\generic\ifxetex\ifxetex.s
ty"
Package: ifxetex 2010/09/12 v0.6 Provides ifxetex conditional
)
("C:\Users\Ruan\AppData\Local\Programs\MiKTeX 2.9\tex\latex\oberdiek\auxhook.st
y"
Package: auxhook 2011/03/04 v1.3 Hooks for auxiliary files (HO)
)
("C:\Users\Ruan\AppData\Local\Programs\MiKTeX 2.9\tex\latex\oberdiek\kvoptions.
sty"
Package: kvoptions 2011/06/30 v3.11 Key value format for package options (HO)
)
\@linkdim=\dimen103
\Hy@linkcounter=\count87
\Hy@pagecounter=\count88

("C:\Users\Ruan\AppData\Local\Programs\MiKTeX 2.9\tex\latex\hyperref\pd1enc.def
"
File: pd1enc.def 2012/11/06 v6.83m Hyperref: PDFDocEncoding definition (HO)
Now handling font encoding PD1 ...
... no UTF-8 mapping file for font encoding PD1
)
\Hy@SavedSpaceFactor=\count89

("C:\Users\Ruan\AppData\Local\Programs\MiKTeX 2.9\tex\latex\00miktex\hyperref.c
fg"
File: hyperref.cfg 2002/06/06 v1.2 hyperref configuration of TeXLive
)
Package hyperref Info: Hyper figures OFF on input line 4443.
Package hyperref Info: Link nesting OFF on input line 4448.
Package hyperref Info: Hyper index ON on input line 4451.
Package hyperref Info: Plain pages OFF on input line 4458.
Package hyperref Info: Backreferencing OFF on input line 4463.
Package hyperref Info: Implicit mode ON; LaTeX internals redefined.
Package hyperref Info: Bookmarks ON on input line 4688.
\c@Hy@tempcnt=\count90
 ("C:\Users\Ruan\AppData\Local\Programs\MiKTeX 2.9\tex\latex\url\url.sty"
\Urlmuskip=\muskip10
Package: url 2013/09/16  ver 3.4  Verb mode for urls, etc.
)
LaTeX Info: Redefining \url on input line 5041.
\XeTeXLinkMargin=\dimen104
\Fld@menulength=\count91
\Field@Width=\dimen105
\Fld@charsize=\dimen106
Package hyperref Info: Hyper figures OFF on input line 6295.
Package hyperref Info: Link nesting OFF on input line 6300.
Package hyperref Info: Hyper index ON on input line 6303.
Package hyperref Info: backreferencing OFF on input line 6310.
Package hyperref Info: Link coloring OFF on input line 6315.
Package hyperref Info: Link coloring with OCG OFF on input line 6320.
Package hyperref Info: PDF/A mode OFF on input line 6325.
LaTeX Info: Redefining \ref on input line 6365.
LaTeX Info: Redefining \pageref on input line 6369.
\Hy@abspage=\count92
\c@Item=\count93
\c@Hfootnote=\count94
)

Package hyperref Message: Driver (autodetected): hpdftex.


("C:\Users\Ruan\AppData\Local\Programs\MiKTeX 2.9\tex\latex\hyperref\hpdftex.de
f"
File: hpdftex.def 2012/11/06 v6.83m Hyperref driver for pdfTeX
\Fld@listcount=\count95
\c@bookmark@seq@number=\count96

("C:\Users\Ruan\AppData\Local\Programs\MiKTeX 2.9\tex\latex\oberdiek\rerunfilec
heck.sty"
Package: rerunfilecheck 2011/04/15 v1.7 Rerun checks for auxiliary files (HO)
Package uniquecounter Info: New unique counter `rerunfilecheck' on input line 2
82.
)
\Hy@SectionHShift=\skip43
)
("C:\Users\Ruan\AppData\Local\Programs\MiKTeX 2.9\tex\latex\graphics\graphicx.s
ty"
Package: graphicx 2014/10/28 v1.0g Enhanced LaTeX Graphics (DPC,SPQR)

("C:\Users\Ruan\AppData\Local\Programs\MiKTeX 2.9\tex\latex\graphics\graphics.s
ty"
Package: graphics 2014/10/28 v1.0p Standard LaTeX Graphics (DPC,SPQR)

("C:\Users\Ruan\AppData\Local\Programs\MiKTeX 2.9\tex\latex\graphics\trig.sty"
Package: trig 1999/03/16 v1.09 sin cos tan (DPC)
)
("C:\Users\Ruan\AppData\Local\Programs\MiKTeX 2.9\tex\latex\00miktex\graphics.c
fg"
File: graphics.cfg 2007/01/18 v1.5 graphics configuration of teTeX/TeXLive
)
Package graphics Info: Driver file: pdftex.def on input line 94.

("C:\Users\Ruan\AppData\Local\Programs\MiKTeX 2.9\tex\latex\pdftex-def\pdftex.d
ef"
File: pdftex.def 2011/05/27 v0.06d Graphics/color for pdfTeX
\Gread@gobject=\count97
))
\Gin@req@height=\dimen107
\Gin@req@width=\dimen108
)
("C:\Users\Ruan\AppData\Local\Programs\MiKTeX 2.9\tex\latex\float\float.sty"
Package: float 2001/11/08 v1.3d Float enhancements (AL)
\c@float@type=\count98
\float@exts=\toks17
\float@box=\box26
\@float@everytoks=\toks18
\@floatcapt=\box27
)
(ArchitecturalAndFunctionalSpecs.aux)
\openout1 = `ArchitecturalAndFunctionalSpecs.aux'.

LaTeX Font Info:    Checking defaults for OML/cmm/m/it on input line 8.
LaTeX Font Info:    ... okay on input line 8.
LaTeX Font Info:    Checking defaults for T1/cmr/m/n on input line 8.
LaTeX Font Info:    ... okay on input line 8.
LaTeX Font Info:    Checking defaults for OT1/cmr/m/n on input line 8.
LaTeX Font Info:    ... okay on input line 8.
LaTeX Font Info:    Checking defaults for OMS/cmsy/m/n on input line 8.
LaTeX Font Info:    ... okay on input line 8.
LaTeX Font Info:    Checking defaults for OMX/cmex/m/n on input line 8.
LaTeX Font Info:    ... okay on input line 8.
LaTeX Font Info:    Checking defaults for U/cmr/m/n on input line 8.
LaTeX Font Info:    ... okay on input line 8.
LaTeX Font Info:    Checking defaults for PD1/pdf/m/n on input line 8.
LaTeX Font Info:    ... okay on input line 8.
\AtBeginShipoutBox=\box28
Package hyperref Info: Link coloring OFF on input line 8.

("C:\Users\Ruan\AppData\Local\Programs\MiKTeX 2.9\tex\latex\hyperref\nameref.st
y"
Package: nameref 2012/10/27 v2.43 Cross-referencing by name of section

("C:\Users\Ruan\AppData\Local\Programs\MiKTeX 2.9\tex\generic\oberdiek\gettitle
string.sty"
Package: gettitlestring 2010/12/03 v1.4 Cleanup title references (HO)
)
\c@section@level=\count99
)
LaTeX Info: Redefining \ref on input line 8.
LaTeX Info: Redefining \pageref on input line 8.
LaTeX Info: Redefining \nameref on input line 8.
 (ArchitecturalAndFunctionalSpecs.out)
(ArchitecturalAndFunctionalSpecs.out)
\@outlinefile=\write3
\openout3 = `ArchitecturalAndFunctionalSpecs.out'.


("C:\Users\Ruan\AppData\Local\Programs\MiKTeX 2.9\tex\context\base\supp-pdf.mki
i"
[Loading MPS to PDF converter (version 2006.09.02).]
\scratchcounter=\count100
\scratchdimen=\dimen109
\scratchbox=\box29
\nofMPsegments=\count101
\nofMParguments=\count102
\everyMPshowfont=\toks19
\MPscratchCnt=\count103
\MPscratchDim=\dimen110
\MPnumerator=\count104
\makeMPintoPDFobject=\count105
\everyMPtoPDFconversion=\toks20
) <../Images/SavageRus.png, id=83, 797.98125pt x 738.76pt>
File: ../Images/SavageRus.png Graphic file (type png)

<use ../Images/SavageRus.png>
Package pdftex.def Info: ../Images/SavageRus.png used on input line 20.
(pdftex.def)             Requested size: 199.16928pt x 184.38518pt.
LaTeX Font Info:    External font `cmex10' loaded for size
(Font)              <12> on input line 48.
LaTeX Font Info:    External font `cmex10' loaded for size
(Font)              <8> on input line 48.
LaTeX Font Info:    External font `cmex10' loaded for size
(Font)              <6> on input line 48.
 [1

{C:/Users/Ruan/AppData/Local/MiKTeX/2.9/pdftex/config/pdftex.map} <../Images/Sa
vageRus.png (PNG copy)>]
(ArchitecturalAndFunctionalSpecs.toc)
\tf@toc=\write4
\openout4 = `ArchitecturalAndFunctionalSpecs.toc'.

pdfTeX warning (ext4): destination with the same identifier (name{page.1}) has 
been already used, duplicate ignored
<to be read again> 
                   \relax 
l.74 \newpage
              [1]
LaTeX Font Info:    Try loading font information for OMS+cmr on input line 84.

("C:\Users\Ruan\AppData\Local\Programs\MiKTeX 2.9\tex\latex\base\omscmr.fd"
File: omscmr.fd 2014/09/29 v2.5h Standard LaTeX font definitions
)
LaTeX Font Info:    Font shape `OMS/cmr/m/n' in size <12> not available
(Font)              Font shape `OMS/cmsy/m/n' tried instead on input line 84.

[2]
Overfull \hbox (0.84886pt too wide) in paragraph at lines 94--95
\OT1/cmr/m/n/12 EPI-USE Labs (hence-forth re-ferred to as "the client") in-tend
s for the VizARD
 []

[3]
Underfull \hbox (badness 10000) in paragraph at lines 113--120

 []


Underfull \hbox (badness 10000) in paragraph at lines 113--120

 []

[4] [5] [6] [7] [8]
Overfull \hbox (6.86775pt too wide) in paragraph at lines 201--201
[]\OT1/cmr/bx/n/17.28 Functional re-quire-ments and ap-pli-ca-tion de-
 []


<Images/class__GenerateGraph__serviceContract.png, id=147, 830.10126pt x 518.93
875pt>
File: Images/class__GenerateGraph__serviceContract.png Graphic file (type png)
 <use Images/class__GenerateGraph__serviceContract.png>
Package pdftex.def Info: Images/class__GenerateGraph__serviceContract.png used 
on input line 222.
(pdftex.def)             Requested size: 390.0pt x 243.80623pt.

<Images/class__DisplayGraph__serviceContract.png, id=148, 916.42375pt x 518.938
75pt>
File: Images/class__DisplayGraph__serviceContract.png Graphic file (type png)
 <use Images/class__DisplayGraph__serviceContract.png>
Package pdftex.def Info: Images/class__DisplayGraph__serviceContract.png used o
n input line 226.
(pdftex.def)             Requested size: 390.0pt x 220.84299pt.
 [9]
<Images/class__ViewAllPreviousGraphs__serviceContract.png, id=153, 858.20625pt 
x 423.5825pt>
File: Images/class__ViewAllPreviousGraphs__serviceContract.png Graphic file (ty
pe png)
 <use Images/class__ViewAllPreviousGraphs__serviceContract.png>
Package pdftex.def Info: Images/class__ViewAllPreviousGraphs__serviceContract.p
ng used on input line 230.
(pdftex.def)             Requested size: 390.0pt x 192.4912pt.

[10pdfTeX warning (ext4): destination with the same identifier (name{figure.1})
 has been already used, duplicate ignored

\AtBegShi@Output ...ipout \box \AtBeginShipoutBox 
                                                  \fi \fi 
l.232 	\end{figure}
                    <./Images/class__GenerateGraph__serviceContract.png (PNG co
py)>]
<Images/class__ViewPreviousGraph__serviceContract.png, id=159, 930.47626pt x 43
0.60875pt>
File: Images/class__ViewPreviousGraph__serviceContract.png Graphic file (type p
ng)
 <use Images/class__ViewPreviousGraph__serviceContract.png>
Package pdftex.def Info: Images/class__ViewPreviousGraph__serviceContract.png u
sed on input line 235.
(pdftex.def)             Requested size: 390.0pt x 180.4799pt.
 [11pdfTeX warning (ext4): destination with the same identifier (name{figure.2}
) has been already used, duplicate ignored

\AtBegShi@Output ...ipout \box \AtBeginShipoutBox 
                                                  \fi \fi 
l.238 
      pdfTeX warning (ext4): destination with the same identifier (name{figure.
3}) has been already used, duplicate ignored

\AtBegShi@Output ...ipout \box \AtBeginShipoutBox 
                                                  \fi \fi 
l.238 
       <./Images/class__DisplayGraph__serviceContract.png (PNG copy)> <./Images
/class__ViewAllPreviousGraphs__serviceContract.png (PNG copy)>]
<Images/class__EditGraph__serviceContract.png, id=166, 872.25874pt x 455.7025pt
>
File: Images/class__EditGraph__serviceContract.png Graphic file (type png)
 <use Images/class__EditGraph__serviceContract.png>
Package pdftex.def Info: Images/class__EditGraph__serviceContract.png used on i
nput line 240.
(pdftex.def)             Requested size: 390.0pt x 203.75002pt.

<Images/class__SaveGraph__serviceContract.png, id=167, 837.1275pt x 376.40625pt
>
File: Images/class__SaveGraph__serviceContract.png Graphic file (type png)
 <use Images/class__SaveGraph__serviceContract.png>
Package pdftex.def Info: Images/class__SaveGraph__serviceContract.png used on i
nput line 245.
(pdftex.def)             Requested size: 390.0pt x 175.35446pt.
 [12pdfTeX warning (ext4): destination with the same identifier (name{figure.4}
) has been already used, duplicate ignored

\AtBegShi@Output ...ipout \box \AtBeginShipoutBox 
                                                  \fi \fi 
l.248 
      pdfTeX warning (ext4): destination with the same identifier (name{figure.
5}) has been already used, duplicate ignored

\AtBegShi@Output ...ipout \box \AtBeginShipoutBox 
                                                  \fi \fi 
l.248 
       <./Images/class__ViewPreviousGraph__serviceContract.png (PNG copy)> <./I
mages/class__EditGraph__serviceContract.png (PNG copy)>]
<Images/class__ShareGraph__serviceContract.png, id=175, 891.33pt x 532.99126pt>
File: Images/class__ShareGraph__serviceContract.png Graphic file (type png)
<use Images/class__ShareGraph__serviceContract.png>
Package pdftex.def Info: Images/class__ShareGraph__serviceContract.png used on 
input line 250.
(pdftex.def)             Requested size: 390.0pt x 233.2075pt.

<Images/class__DetectGraphType__serviceContract.png, id=176, 879.285pt x 383.43
25pt>
File: Images/class__DetectGraphType__serviceContract.png Graphic file (type png
)
 <use Images/class__DetectGraphType__serviceContract.png>
Package pdftex.def Info: Images/class__DetectGraphType__serviceContract.png use
d on input line 255.
(pdftex.def)             Requested size: 390.0pt x 170.06818pt.
 [13pdfTeX warning (ext4): destination with the same identifier (name{figure.6}
) has been already used, duplicate ignored

\AtBegShi@Output ...ipout \box \AtBeginShipoutBox 
                                                  \fi \fi 
l.258 
      pdfTeX warning (ext4): destination with the same identifier (name{figure.
7}) has been already used, duplicate ignored

\AtBegShi@Output ...ipout \box \AtBeginShipoutBox 
                                                  \fi \fi 
l.258 
       <./Images/class__SaveGraph__serviceContract.png (PNG copy)> <./Images/cl
ass__ShareGraph__serviceContract.png (PNG copy)>]
<Images/class__OCR__serviceContract.png, id=183, 858.20625pt x 364.36125pt>
File: Images/class__OCR__serviceContract.png Graphic file (type png)

<use Images/class__OCR__serviceContract.png>
Package pdftex.def Info: Images/class__OCR__serviceContract.png used on input l
ine 260.
(pdftex.def)             Requested size: 390.0pt x 165.5789pt.

<Images/uc__GenerateGraph__functionalRequirements.png, id=184, 691.58376pt x 38
9.455pt>
File: Images/uc__GenerateGraph__functionalRequirements.png Graphic file (type p
ng)
 <use Images/uc__GenerateGraph__functionalRequirements.png>
Package pdftex.def Info: Images/uc__GenerateGraph__functionalRequirements.png u
sed on input line 266.
(pdftex.def)             Requested size: 390.0pt x 219.6265pt.

<Images/uc__DisplayGraph__functionalRequirements.png, id=185, 593.21625pt x 340
.27126pt>
File: Images/uc__DisplayGraph__functionalRequirements.png Graphic file (type pn
g)
 <use Images/uc__DisplayGraph__functionalRequirements.png>
Package pdftex.def Info: Images/uc__DisplayGraph__functionalRequirements.png us
ed on input line 270.
(pdftex.def)             Requested size: 390.0pt x 223.71263pt.
 [14pdfTeX warning (ext4): destination with the same identifier (name{figure.8}
) has been already used, duplicate ignored

\AtBegShi@Output ...ipout \box \AtBeginShipoutBox 
                                                  \fi \fi 
l.272 	\end{figure}
                   pdfTeX warning (ext4): destination with the same identifier 
(name{figure.9}) has been already used, duplicate ignored

\AtBegShi@Output ...ipout \box \AtBeginShipoutBox 
                                                  \fi \fi 
l.272 	\end{figure}
                    <./Images/class__DetectGraphType__serviceContract.png (PNG 
copy)> <./Images/class__OCR__serviceContract.png (PNG copy)>]
<Images/uc__ViewAllPreviousGraphs__functionalRequirements.png, id=192, 579.1637
6pt x 347.2975pt>
File: Images/uc__ViewAllPreviousGraphs__functionalRequirements.png Graphic file
 (type png)

<use Images/uc__ViewAllPreviousGraphs__functionalRequirements.png>
Package pdftex.def Info: Images/uc__ViewAllPreviousGraphs__functionalRequiremen
ts.png used on input line 274.
(pdftex.def)             Requested size: 390.0pt x 233.86456pt.

<Images/uc__ViewPreviousGraph__functionalRequirements.png, id=193, 572.1375pt x
 347.2975pt>
File: Images/uc__ViewPreviousGraph__functionalRequirements.png Graphic file (ty
pe png)
 <use Images/uc__ViewPreviousGraph__functionalRequirements.png>
Package pdftex.def Info: Images/uc__ViewPreviousGraph__functionalRequirements.p
ng used on input line 278.
(pdftex.def)             Requested size: 390.0pt x 236.7368pt.

[15pdfTeX warning (ext4): destination with the same identifier (name{figure.10}
) has been already used, duplicate ignored

\AtBegShi@Output ...ipout \box \AtBeginShipoutBox 
                                                  \fi \fi 
l.280 	\end{figure}
                   pdfTeX warning (ext4): destination with the same identifier 
(name{figure.11}) has been already used, duplicate ignored

\AtBegShi@Output ...ipout \box \AtBeginShipoutBox 
                                                  \fi \fi 
l.280 	\end{figure}
                    <./Images/uc__GenerateGraph__functionalRequirements.png (PN
G copy)> <./Images/uc__DisplayGraph__functionalRequirements.png (PNG copy)>]
<Images/uc__EditGraph.jpg, id=200, 636.3775pt x 262.9825pt>
File: Images/uc__EditGraph.jpg Graphic file (type jpg)

<use Images/uc__EditGraph.jpg>
Package pdftex.def Info: Images/uc__EditGraph.jpg used on input line 283.
(pdftex.def)             Requested size: 390.0pt x 161.16545pt.
 [16pdfTeX warning (ext4): destination with the same identifier (name{figure.12
}) has been already used, duplicate ignored

\AtBegShi@Output ...ipout \box \AtBeginShipoutBox 
                                                  \fi \fi 
l.286 
      pdfTeX warning (ext4): destination with the same identifier (name{figure.
13}) has been already used, duplicate ignored

\AtBegShi@Output ...ipout \box \AtBeginShipoutBox 
                                                  \fi \fi 
l.286 
       <./Images/uc__ViewAllPreviousGraphs__functionalRequirements.png (PNG cop
y)> <./Images/uc__ViewPreviousGraph__functionalRequirements.png (PNG copy)>]
<Images/uc__SaveGraph.jpg, id=207, 446.66875pt x 220.825pt>
File: Images/uc__SaveGraph.jpg Graphic file (type jpg)

<use Images/uc__SaveGraph.jpg>
Package pdftex.def Info: Images/uc__SaveGraph.jpg used on input line 288.
(pdftex.def)             Requested size: 390.0pt x 192.81367pt.

<Images/uc__ShareGraph.jpg, id=208, 522.95375pt x 248.93pt>
File: Images/uc__ShareGraph.jpg Graphic file (type jpg)

<use Images/uc__ShareGraph.jpg>
Package pdftex.def Info: Images/uc__ShareGraph.jpg used on input line 293.
(pdftex.def)             Requested size: 390.0pt x 185.64488pt.
 [17pdfTeX warning (ext4): destination with the same identifier (name{figure.14
}) has been already used, duplicate ignored

\AtBegShi@Output ...ipout \box \AtBeginShipoutBox 
                                                  \fi \fi 
l.296 
      pdfTeX warning (ext4): destination with the same identifier (name{figure.
15}) has been already used, duplicate ignored

\AtBegShi@Output ...ipout \box \AtBeginShipoutBox 
                                                  \fi \fi 
l.296 
       <./Images/uc__EditGraph.jpg> <./Images/uc__SaveGraph.jpg>]
<Images/act__GenerateGraph__GenerateGraph.png, id=215, 1006.76125pt x 415.5525p
t>
File: Images/act__GenerateGraph__GenerateGraph.png Graphic file (type png)
 <use Images/act__GenerateGraph__GenerateGraph.png>
Package pdftex.def Info: Images/act__GenerateGraph__GenerateGraph.png used on i
nput line 299.
(pdftex.def)             Requested size: 390.0pt x 160.9742pt.

<Images/act__DisplayGraph__DisplayGraph.png, id=216, 1003.75pt x 291.0875pt>
File: Images/act__DisplayGraph__DisplayGraph.png Graphic file (type png)

<use Images/act__DisplayGraph__DisplayGraph.png>
Package pdftex.def Info: Images/act__DisplayGraph__DisplayGraph.png used on inp
ut line 303.
(pdftex.def)             Requested size: 390.0pt x 113.1017pt.

<Images/act__ViewAllPreviousGraphs__ViewAllPreviousGraphs.png, id=217, 777.9062
5pt x 208.78pt>
File: Images/act__ViewAllPreviousGraphs__ViewAllPreviousGraphs.png Graphic file
 (type png)

<use Images/act__ViewAllPreviousGraphs__ViewAllPreviousGraphs.png>
Package pdftex.def Info: Images/act__ViewAllPreviousGraphs__ViewAllPreviousGrap
hs.png used on input line 307.
(pdftex.def)             Requested size: 390.0pt x 104.67325pt.
 [18pdfTeX warning (ext4): destination with the same identifier (name{figure.16
}) has been already used, duplicate ignored

\AtBegShi@Output ...ipout \box \AtBeginShipoutBox 
                                                  \fi \fi 
l.309 	\end{figure}
                   pdfTeX warning (ext4): destination with the same identifier 
(name{figure.17}) has been already used, duplicate ignored

\AtBegShi@Output ...ipout \box \AtBeginShipoutBox 
                                                  \fi \fi 
l.309 	\end{figure}
                    <./Images/uc__ShareGraph.jpg> <./Images/act__GenerateGraph_
_GenerateGraph.png (PNG copy)>]
<Images/act__ViewPreviousGraph__ViewPreviousGraph.png, id=225, 992.70876pt x 27
1.0125pt>
File: Images/act__ViewPreviousGraph__ViewPreviousGraph.png Graphic file (type p
ng)
 <use Images/act__ViewPreviousGraph__ViewPreviousGraph.png>
Package pdftex.def Info: Images/act__ViewPreviousGraph__ViewPreviousGraph.png u
sed on input line 311.
(pdftex.def)             Requested size: 390.0pt x 106.47188pt.

<Images/act__EditGraph.jpg, id=226, 869.2475pt x 355.3275pt>
File: Images/act__EditGraph.jpg Graphic file (type jpg)

<use Images/act__EditGraph.jpg>
Package pdftex.def Info: Images/act__EditGraph.jpg used on input line 316.
(pdftex.def)             Requested size: 390.0pt x 159.42418pt.
 [19pdfTeX warning (ext4): destination with the same identifier (name{figure.18
}) has been already used, duplicate ignored

\AtBegShi@Output ...ipout \box \AtBeginShipoutBox 
                                                  \fi \fi 
l.319 
      pdfTeX warning (ext4): destination with the same identifier (name{figure.
19}) has been already used, duplicate ignored

\AtBegShi@Output ...ipout \box \AtBeginShipoutBox 
                                                  \fi \fi 
l.319 
      pdfTeX warning (ext4): destination with the same identifier (name{figure.
20}) has been already used, duplicate ignored

\AtBegShi@Output ...ipout \box \AtBeginShipoutBox 
                                                  \fi \fi 
l.319 
       <./Images/act__DisplayGraph__DisplayGraph.png (PNG copy)> <./Images/act_
_ViewAllPreviousGraphs__ViewAllPreviousGraphs.png (PNG copy)> <./Images/act__Vi
ewPreviousGraph__ViewPreviousGraph.png (PNG copy)>]
<Images/act__SaveGraph.jpg, id=234, 779.91376pt x 320.19624pt>
File: Images/act__SaveGraph.jpg Graphic file (type jpg)

<use Images/act__SaveGraph.jpg>
Package pdftex.def Info: Images/act__SaveGraph.jpg used on input line 321.
(pdftex.def)             Requested size: 390.0pt x 160.11238pt.

<Images/act__ShareGraph.jpg, id=235, 868.24374pt x 320.19624pt>
File: Images/act__ShareGraph.jpg Graphic file (type jpg)

<use Images/act__ShareGraph.jpg>
Package pdftex.def Info: Images/act__ShareGraph.jpg used on input line 326.
(pdftex.def)             Requested size: 390.0pt x 143.82802pt.
 [20pdfTeX warning (ext4): destination with the same identifier (name{figure.21
}) has been already used, duplicate ignored

\AtBegShi@Output ...ipout \box \AtBeginShipoutBox 
                                                  \fi \fi 
l.329 
      pdfTeX warning (ext4): destination with the same identifier (name{figure.
22}) has been already used, duplicate ignored

\AtBegShi@Output ...ipout \box \AtBeginShipoutBox 
                                                  \fi \fi 
l.329 
       <./Images/act__EditGraph.jpg> <./Images/act__SaveGraph.jpg>] [21pdfTeX w
arning (ext4): destination with the same identifier (name{figure.23}) has been 
already used, duplicate ignored

\AtBegShi@Output ...ipout \box \AtBeginShipoutBox 
                                                  \fi \fi 
l.338 \newpage
               <./Images/act__ShareGraph.jpg>]
Package atveryend Info: Empty hook `BeforeClearDocument' on input line 342.
 [22]
Package atveryend Info: Empty hook `AfterLastShipout' on input line 342.

(ArchitecturalAndFunctionalSpecs.aux)
Package atveryend Info: Executing hook `AtVeryEndDocument' on input line 342.
Package atveryend Info: Executing hook `AtEndAfterFileList' on input line 342.
Package rerunfilecheck Info: File `ArchitecturalAndFunctionalSpecs.out' has not
 changed.
(rerunfilecheck)             Checksum: FE3F885180478AE52C22CD1A9F236EFC;1344.
Package atveryend Info: Empty hook `AtVeryVeryEnd' on input line 342.
 ) 
Here is how much of TeX's memory you used:
 5452 strings out of 493634
 83821 string characters out of 3135647
 158497 words of memory out of 3000000
 8718 multiletter control sequences out of 15000+200000
 10051 words of font info for 35 fonts, out of 3000000 for 9000
 1025 hyphenation exceptions out of 8191
 29i,5n,28p,522b,383s stack positions out of 5000i,500n,10000p,200000b,50000s
<C:/Users/Ruan/AppData/Local/Programs/MiKTeX 2.9/fonts/type1/public/amsfonts/
cm/cmbx12.pfb><C:/Users/Ruan/AppData/Local/Programs/MiKTeX 2.9/fonts/type1/publ
ic/amsfonts/cm/cmcsc10.pfb><C:/Users/Ruan/AppData/Local/Programs/MiKTeX 2.9/fon
ts/type1/public/amsfonts/cm/cmr12.pfb><C:/Users/Ruan/AppData/Local/Programs/MiK
TeX 2.9/fonts/type1/public/amsfonts/cm/cmsy10.pfb><C:/Users/Ruan/AppData/Local/
Programs/MiKTeX 2.9/fonts/type1/public/amsfonts/cm/cmti12.pfb>
Output written on ArchitecturalAndFunctionalSpecs.pdf (23 pages, 1291162 bytes)
.
PDF statistics:
 285 PDF objects out of 1000 (max. 8388607)
 67 named destinations out of 1000 (max. 500000)
 281 words of extra memory for PDF output out of 10000 (max. 10000000)

